<?xml version="1.0" encoding="UTF-8"?>
<testsuite name="be.heh.entity.TestRemoveEmployee" tests="1" skipped="0" failures="0" errors="0" timestamp="2019-10-22T14:51:29" hostname="MSI" time="0.004">
  <properties/>
  <testcase name="deleteEmployee" classname="be.heh.entity.TestRemoveEmployee" time="0.004"/>
  <system-out><![CDATA[]]></system-out>
  <system-err><![CDATA[]]></system-err>
</testsuite>
